This is pdfTeX, Version 3.1415926-2.3-1.40.12 (MiKTeX 2.9) (preloaded format=pdftex 2019.5.5)  28 AUG 2019 18:06
entering extended mode
**Y:/la2/re1.bib
(Y:/la2/re1.bib
Missing character: There is no Í in font cmr10!
Missing character: There is no õ in font cmr10!
Missing character: There is no Ã in font cmr10!
Missing character: There is no ¯ in font cmr10!
Missing character: There is no º in font cmr10!
Missing character: There is no £ in font cmr10!
Missing character: There is no £ in font cmr10!
Missing character: There is no ¬ in font cmr10!
Missing character: There is no Ð in font cmr10!
Missing character: There is no » in font cmr10!
Missing character: There is no ¿ in font cmr10!
Missing character: There is no ª in font cmr10!
Missing character: There is no £ in font cmr10!
Missing character: There is no ¬ in font cmr10!
Missing character: There is no Ð in font cmr10!
Missing character: There is no ì in font cmr10!
Missing character: There is no Õ in font cmr10!
Missing character: There is no ý in font cmr10!
Missing character: There is no É in font cmr10!
Missing character: There is no ½ in font cmr10!
Missing character: There is no £ in font cmr10!
Missing character: There is no ¬ in font cmr10!
Missing character: There is no Â in font cmr10!
Missing character: There is no À in font cmr10!
Missing character: There is no É in font cmr10!
Missing character: There is no Ù in font cmr10!
Missing character: There is no À in font cmr10!
Missing character: There is no ¤ in font cmr10!
Missing character: There is no Ò in font cmr10!
Missing character: There is no » in font cmr10!
Missing character: There is no Ö in font cmr10!
Missing character: There is no Ö in font cmr10!
Missing character: There is no Ê in font cmr10!
Missing character: There is no µ in font cmr10!
Missing character: There is no Ó in font cmr10!
Missing character: There is no Ã in font cmr10!
Missing character: There is no µ in font cmr10!
Missing character: There is no Ä in font cmr10!
Missing character: There is no · in font cmr10!
Missing character: There is no ù in font cmr10!
Missing character: There is no Ö in font cmr10!
Missing character: There is no µ in font cmr10!
Missing character: There is no º in font cmr10!
Missing character: There is no Í in font cmr10!
Missing character: There is no ¹ in font cmr10!
Missing character: There is no ¦ in font cmr10!
Missing character: There is no Â in font cmr10!
Missing character: There is no Ê in font cmr10!
Missing character: There is no ² in font cmr10!
Missing character: There is no â in font cmr10!
Missing character: There is no Á in font cmr10!
Missing character: There is no ¿ in font cmr10!
Missing character: There is no Ð in font cmr10!
Missing character: There is no Â in font cmr10!
Missing character: There is no Ë in font cmr10!
Missing character: There is no ã in font cmr10!
Missing character: There is no · in font cmr10!
Missing character: There is no ¨ in font cmr10!
Missing character: There is no µ in font cmr10!
Missing character: There is no ç in font cmr10!
Missing character: There is no Á in font cmr10!
Missing character: There is no ¦ in font cmr10!
Missing character: There is no Ï in font cmr10!
Missing character: There is no µ in font cmr10!
Missing character: There is no Í in font cmr10!
Missing character: There is no ³ in font cmr10!
Missing character: There is no × in font cmr10!
Missing character: There is no Ô in font cmr10!
Missing character: There is no ¶ in font cmr10!
Missing character: There is no ¯ in font cmr10!
Missing character: There is no » in font cmr10!
Missing character: There is no ¯ in font cmr10!
Missing character: There is no º in font cmr10!
Missing character: There is no ú in font cmr10!
Missing character: There is no º in font cmr10!
Missing character: There is no ê in font cmr10!
Missing character: There is no Ó in font cmr10!
Missing character: There is no î in font cmr10!
Missing character: There is no Ô in font cmr10!
Missing character: There is no Ë in font cmr10!
Missing character: There is no ¶ in font cmr10!
Missing character: There is no ¯ in font cmr10!
Missing character: There is no Ä in font cmr10!
Missing character: There is no ¿ in font cmr10!
Missing character: There is no ± in font cmr10!
Missing character: There is no ê in font cmr10!
Missing character: There is no ¿ in font cmr10!
Missing character: There is no Õ in font cmr10!
Missing character: There is no ¼ in font cmr10!
Missing character: There is no ä in font cmr10!
Missing character: There is no Ä in font cmr10!
Missing character: There is no £ in font cmr10!
Missing character: There is no Ê in font cmr10!
Missing character: There is no ½ in font cmr10!
Missing character: There is no ± in font cmr10!
Missing character: There is no æ in font cmr10!
Missing character: There is no Ê in font cmr10!
Missing character: There is no ¶ in font cmr10!
Missing character: There is no Ó in font cmr10!
Missing character: There is no ë in font cmr10!
Missing character: There is no Ò in font cmr10!
Missing character: There is no ì in font cmr10!
Missing character: There is no ³ in font cmr10!
Missing character: There is no £ in font cmr10!
Missing character: There is no ½ in font cmr10!
Missing character: There is no » in font cmr10!
Missing character: There is no Í in font cmr10!
Missing character: There is no ¨ in font cmr10!
Missing character: There is no Ð in font cmr10!
Missing character: There is no Ð in font cmr10!
Missing character: There is no Î in font cmr10!
Missing character: There is no ª in font cmr10!
Missing character: There is no ¼ in font cmr10!
Missing character: There is no ì in font cmr10!
Missing character: There is no ² in font cmr10!
Missing character: There is no â in font cmr10!
Missing character: There is no º in font cmr10!
Missing character: There is no ú in font cmr10!
Missing character: There is no º in font cmr10!
Missing character: There is no ê in font cmr10!
Missing character: There is no Ó in font cmr10!
Missing character: There is no î in font cmr10!
Missing character: There is no £ in font cmr10!
Missing character: There is no ¬ in font cmr10!
Missing character: There is no Í in font cmr10!
Missing character: There is no õ in font cmr10!
Missing character: There is no Ç in font cmr10!
Missing character: There is no ì in font cmr10!
Missing character: There is no Ä in font cmr10!
Missing character: There is no ê in font cmr10!
Missing character: There is no £ in font cmr10!
Missing character: There is no ¬ in font cmr10!
Missing character: There is no Ç in font cmr10!
Missing character: There is no ú in font cmr10!
Missing character: There is no Õ in font cmr10!
Missing character: There is no Ñ in font cmr10!
Missing character: There is no Î in font cmr10!
Missing character: There is no ° in font cmr10!
Missing character: There is no £ in font cmr10!
Missing character: There is no ¬ in font cmr10!
Missing character: There is no À in font cmr10!
Missing character: There is no î in font cmr10!
Missing character: There is no Ö in font cmr10!
Missing character: There is no ¾ in font cmr10!
Missing character: There is no » in font cmr10!
Missing character: There is no Û in font cmr10!
Missing character: There is no Ô in font cmr10!
Missing character: There is no Ë in font cmr10!
Missing character: There is no ¶ in font cmr10!
Missing character: There is no ¯ in font cmr10!
Missing character: There is no Ä in font cmr10!
Missing character: There is no ¿ in font cmr10!
Missing character: There is no ± in font cmr10!
Missing character: There is no ê in font cmr10!
Missing character: There is no ¿ in font cmr10!
Missing character: There is no Õ in font cmr10!
Missing character: There is no ¼ in font cmr10!
Missing character: There is no ä in font cmr10!
Missing character: There is no Ä in font cmr10!
Missing character: There is no £ in font cmr10!
Missing character: There is no Ê in font cmr10!
Missing character: There is no ½ in font cmr10!
Missing character: There is no ± in font cmr10!
Missing character: There is no æ in font cmr10!
Missing character: There is no Ê in font cmr10!
Missing character: There is no ¶ in font cmr10!
Missing character: There is no Ó in font cmr10!
Missing character: There is no ë in font cmr10!
Missing character: There is no Ò in font cmr10!
Missing character: There is no ì in font cmr10!
Missing character: There is no ³ in font cmr10!
Missing character: There is no £ in font cmr10!
Missing character: There is no ½ in font cmr10!
Missing character: There is no » in font cmr10!
Missing character: There is no Í in font cmr10!
Missing character: There is no ¨ in font cmr10!
Missing character: There is no Ð in font cmr10!
Missing character: There is no Ð in font cmr10!
Missing character: There is no Î in font cmr10!
Missing character: There is no ª in font cmr10!
Missing character: There is no ¼ in font cmr10!
Missing character: There is no ì in font cmr10!
Missing character: There is no ² in font cmr10!
Missing character: There is no â in font cmr10!
Missing character: There is no ¼ in font cmr10!
Missing character: There is no ª in font cmr10!
Missing character: There is no Á in font cmr10!
Missing character: There is no Ö in font cmr10!
Missing character: There is no ´ in font cmr10!
Missing character: There is no ó in font cmr10!
Missing character: There is no Ñ in font cmr10!
Missing character: There is no § in font cmr10!
Missing character: There is no Ñ in font cmr10!
Missing character: There is no § in font cmr10!
Missing character: There is no ± in font cmr10!
Missing character: There is no ¨ in font cmr10!
Missing character: There is no £ in font cmr10!
Missing character: There is no º in font cmr10!
Missing character: There is no ¹ in font cmr10!
Missing character: There is no ¤ in font cmr10!
Missing character: There is no Ñ in font cmr10!
Missing character: There is no § in font cmr10!
Missing character: There is no ° in font cmr10!
Missing character: There is no æ in font cmr10!

Overfull \hbox (17.21837pt too wide) in paragraph at lines 1--21
[]\tenrm @articlewang2007 , au-thor=, ti-tle=, jour-nal=, year=2007, vol-ume=31
, num-ber=16, pages=66-69, month=9,|

\hbox(6.94444+1.94444)x469.75499, glue set - 1.0
.\hbox(0.0+0.0)x20.0
.\tenrm @
.\tenrm a
.\tenrm r
.\tenrm t
.etc.

Missing character: There is no Ñ in font cmr10!
Missing character: There is no î in font cmr10!
Missing character: There is no ¿ in font cmr10!
Missing character: There is no ­ in font cmr10!
Missing character: There is no £ in font cmr10!
Missing character: There is no ¬ in font cmr10!
Missing character: There is no Õ in font cmr10!
Missing character: There is no Å in font cmr10!
Missing character: There is no » in font cmr10!
Missing character: There is no Ô in font cmr10!
Missing character: There is no £ in font cmr10!
Missing character: There is no ¬ in font cmr10!
Missing character: There is no À in font cmr10!
Missing character: There is no î in font cmr10!
Missing character: There is no Ö in font cmr10!
Missing character: There is no Ò in font cmr10!
Missing character: There is no Ç in font cmr10!
Missing character: There is no ¿ in font cmr10!
Missing character: There is no £ in font cmr10!
Missing character: There is no ¬ in font cmr10!
Missing character: There is no Ë in font cmr10!
Missing character: There is no ï in font cmr10!
Missing character: There is no Ã in font cmr10!
Missing character: There is no ÷ in font cmr10!
Missing character: There is no · in font cmr10!
Missing character: There is no å in font cmr10!
Missing character: There is no Ï in font cmr10!
Missing character: There is no à in font cmr10!
Missing character: There is no ¿ in font cmr10!
Missing character: There is no Ø in font cmr10!
Missing character: There is no Õ in font cmr10!
Missing character: There is no ó in font cmr10!
Missing character: There is no Ì in font cmr10!
Missing character: There is no ì in font cmr10!
Missing character: There is no Ï in font cmr10!
Missing character: There is no ß in font cmr10!
Missing character: There is no ¼ in font cmr10!
Missing character: There is no ° in font cmr10!
Missing character: There is no Æ in font cmr10!
Missing character: There is no ä in font cmr10!
Missing character: There is no ¹ in font cmr10!
Missing character: There is no ¦ in font cmr10!
Missing character: There is no Â in font cmr10!
Missing character: There is no Ê in font cmr10!
Missing character: There is no º in font cmr10!
Missing character: There is no Ï in font cmr10!
Missing character: There is no ³ in font cmr10!
Missing character: There is no É in font cmr10!
Missing character: There is no · in font cmr10!
Missing character: There is no ½ in font cmr10!
Missing character: There is no · in font cmr10!
Missing character: There is no ¨ in font cmr10!
Missing character: There is no · in font cmr10!
Missing character: There is no Ö in font cmr10!
Missing character: There is no Î in font cmr10!
Missing character: There is no ö in font cmr10!
Missing character: There is no ½ in font cmr10!
Missing character: There is no ¢ in font cmr10!
Missing character: There is no ´ in font cmr10!
Missing character: There is no ¬ in font cmr10!
Missing character: There is no µ in font cmr10!
Missing character: There is no ç in font cmr10!
Missing character: There is no × in font cmr10!
Missing character: There is no Ó in font cmr10!
Missing character: There is no ¶ in font cmr10!
Missing character: There is no Ô in font cmr10!
Missing character: There is no ¿ in font cmr10!
Missing character: There is no ¹ in font cmr10!
Missing character: There is no Ì in font cmr10!
Missing character: There is no · in font cmr10!
Missing character: There is no Î in font cmr10!
Missing character: There is no Ä in font cmr10!
Missing character: There is no ° in font cmr10!
Missing character: There is no ² in font cmr10!
Missing character: There is no £ in font cmr10!
Missing character: There is no ¬ in font cmr10!
Missing character: There is no Õ in font cmr10!
Missing character: There is no Ô in font cmr10!
Missing character: There is no Ò in font cmr10!
Missing character: There is no ¢ in font cmr10!
Missing character: There is no » in font cmr10!
Missing character: There is no ù in font cmr10!
Missing character: There is no Ó in font cmr10!
Missing character: There is no Ú in font cmr10!
Missing character: There is no » in font cmr10!
Missing character: There is no ì in font cmr10!
Missing character: There is no ã in font cmr10!
Missing character: There is no ç in font cmr10!
Missing character: There is no Ò in font cmr10!
Missing character: There is no Å in font cmr10!
Missing character: There is no ´ in font cmr10!
Missing character: There is no « in font cmr10!
Missing character: There is no Ë in font cmr10!
Missing character: There is no ã in font cmr10!
Missing character: There is no · in font cmr10!
Missing character: There is no ¨ in font cmr10!
Missing character: There is no µ in font cmr10!
Missing character: There is no Ä in font cmr10!
Missing character: There is no · in font cmr10!
Missing character: There is no þ in font cmr10!
Missing character: There is no Î in font cmr10!
Missing character: There is no ñ in font cmr10!
Missing character: There is no × in font cmr10!
Missing character: There is no é in font cmr10!
Missing character: There is no º in font cmr10!
Missing character: There is no Ï in font cmr10!
Missing character: There is no ¼ in font cmr10!
Missing character: There is no Æ in font cmr10!
Missing character: There is no Ë in font cmr10!
Missing character: There is no ã in font cmr10!
Missing character: There is no » in font cmr10!
Missing character: There is no ú in font cmr10!
Missing character: There is no ¼ in font cmr10!
Missing character: There is no ¯ in font cmr10!
Missing character: There is no ³ in font cmr10!
Missing character: There is no É in font cmr10!
Missing character: There is no Ö in font cmr10!
Missing character: There is no Æ in font cmr10!
Missing character: There is no Ô in font cmr10!
Missing character: There is no ì in font cmr10!
Missing character: There is no Ï in font cmr10!
Missing character: There is no µ in font cmr10!
Missing character: There is no Í in font cmr10!
Missing character: There is no ³ in font cmr10!
Missing character: There is no ¶ in font cmr10!
Missing character: There is no Î in font cmr10!
Missing character: There is no À in font cmr10!
Missing character: There is no è in font cmr10!
Missing character: There is no Ã in font cmr10!
Missing character: There is no ÷ in font cmr10!
Missing character: There is no £ in font cmr10!
Missing character: There is no ¬ in font cmr10!
Missing character: There is no Ñ in font cmr10!
Missing character: There is no î in font cmr10!
Missing character: There is no É in font cmr10!
Missing character: There is no Ð in font cmr10!
Missing character: There is no Å in font cmr10!
Missing character: There is no ó in font cmr10!
Missing character: There is no £ in font cmr10!
Missing character: There is no ¬ in font cmr10!
Missing character: There is no Õ in font cmr10!
Missing character: There is no Å in font cmr10!
Missing character: There is no Ï in font cmr10!
Missing character: There is no ¼ in font cmr10!
Missing character: There is no £ in font cmr10!
Missing character: There is no ¬ in font cmr10!
Missing character: There is no È in font cmr10!
Missing character: There is no Î in font cmr10!
Missing character: There is no » in font cmr10!
Missing character: There is no ª in font cmr10!
Missing character: There is no Ç in font cmr10!
Missing character: There is no Å in font cmr10!
Missing character: There is no £ in font cmr10!
Missing character: There is no ¬ in font cmr10!
Missing character: There is no É in font cmr10!
Missing character: There is no ò in font cmr10!
Missing character: There is no ¿ in font cmr10!
Missing character: There is no í in font cmr10!
Missing character: There is no » in font cmr10!
Missing character: There is no ù in font cmr10!
Missing character: There is no Ó in font cmr10!
Missing character: There is no Ú in font cmr10!
Missing character: There is no Ò in font cmr10!
Missing character: There is no Å in font cmr10!
Missing character: There is no ´ in font cmr10!
Missing character: There is no « in font cmr10!
Missing character: There is no Ë in font cmr10!
Missing character: There is no ã in font cmr10!
Missing character: There is no · in font cmr10!
Missing character: There is no ¨ in font cmr10!
Missing character: There is no µ in font cmr10!
Missing character: There is no Ä in font cmr10!
Missing character: There is no È in font cmr10!
Missing character: There is no ý in font cmr10!
Missing character: There is no ½ in font cmr10!
Missing character: There is no Ç in font cmr10!
Missing character: There is no Í in font cmr10!
Missing character: There is no ø in font cmr10!
Missing character: There is no ¸ in font cmr10!
Missing character: There is no ñ in font cmr10!
Missing character: There is no Õ in font cmr10!
Missing character: There is no Û in font cmr10!
Missing character: There is no µ in font cmr10!
Missing character: There is no þ in font cmr10!
Missing character: There is no ¼ in font cmr10!
Missing character: There is no ò in font cmr10!
Missing character: There is no » in font cmr10!
Missing character: There is no ¯ in font cmr10!
Missing character: There is no ¹ in font cmr10!
Missing character: There is no â in font cmr10!
Missing character: There is no Ñ in font cmr10!
Missing character: There is no § in font cmr10!
Missing character: There is no ¾ in font cmr10!
Missing character: There is no « in font cmr10!
Missing character: There is no Ã in font cmr10!
Missing character: There is no Ü in font cmr10!
Missing character: There is no ¹ in font cmr10!
Missing character: There is no ¤ in font cmr10!
Missing character: There is no ³ in font cmr10!
Missing character: There is no Ì in font cmr10!
Missing character: There is no Á in font cmr10!
Missing character: There is no Ö in font cmr10!
Missing character: There is no Î in font cmr10!
Missing character: There is no ° in font cmr10!
Missing character: There is no Î in font cmr10!
Missing character: There is no ° in font cmr10!
Missing character: There is no £ in font cmr10!
Missing character: There is no ¬ in font cmr10!
Missing character: There is no Í in font cmr10!
Missing character: There is no õ in font cmr10!
Missing character: There is no Ô in font cmr10!
Missing character: There is no ó in font cmr10!
Missing character: There is no Ì in font cmr10!
Missing character: There is no Î in font cmr10!
Missing character: There is no » in font cmr10!
Missing character: There is no ù in font cmr10!
Missing character: There is no Ó in font cmr10!
Missing character: There is no Ú in font cmr10!
Missing character: There is no Ò in font cmr10!
Missing character: There is no Å in font cmr10!
Missing character: There is no ´ in font cmr10!
Missing character: There is no « in font cmr10!
Missing character: There is no Ë in font cmr10!
Missing character: There is no ã in font cmr10!
Missing character: There is no · in font cmr10!
Missing character: There is no ¨ in font cmr10!
Missing character: There is no µ in font cmr10!
Missing character: There is no Ä in font cmr10!
Missing character: There is no ¼ in font cmr10!
Missing character: There is no ¯ in font cmr10!
Missing character: There is no È in font cmr10!
Missing character: There is no º in font cmr10!
Missing character: There is no µ in font cmr10!
Missing character: There is no ÷ in font cmr10!
Missing character: There is no ¶ in font cmr10!
Missing character: There is no È in font cmr10!
Missing character: There is no ² in font cmr10!
Missing character: There is no ß in font cmr10!
Missing character: There is no Â in font cmr10!
Missing character: There is no Ô in font cmr10!
Missing character: There is no » in font cmr10!
Missing character: There is no ª in font cmr10!
Missing character: There is no Ä in font cmr10!
Missing character: There is no Ï in font cmr10!
Missing character: There is no À in font cmr10!
Missing character: There is no í in font cmr10!
Missing character: There is no ¹ in font cmr10!
Missing character: There is no ¤ in font cmr10!
Missing character: There is no ´ in font cmr10!
Missing character: There is no ó in font cmr10!
Missing character: There is no Ñ in font cmr10!
Missing character: There is no § in font cmr10!
Missing character: There is no Ñ in font cmr10!
Missing character: There is no § in font cmr10!
Missing character: There is no ± in font cmr10!
Missing character: There is no ¨ in font cmr10!
Missing character: There is no £ in font cmr10!
Missing character: There is no ¨ in font cmr10!
Missing character: There is no × in font cmr10!
Missing character: There is no Ô in font cmr10!
Missing character: There is no È in font cmr10!
Missing character: There is no » in font cmr10!
Missing character: There is no ¿ in font cmr10!
Missing character: There is no Æ in font cmr10!
Missing character: There is no Ñ in font cmr10!
Missing character: There is no § in font cmr10!
Missing character: There is no ° in font cmr10!
Missing character: There is no æ in font cmr10!
Missing character: There is no £ in font cmr10!
Missing character: There is no © in font cmr10!

Overfull \hbox (24.05171pt too wide) in paragraph at lines 54--64
[]\tenrm @articlelin, au-thor=, ti-tle=Docker, jour-nal=, year=2018, vol-ume=46
, num-ber=3, pages=127-133, month=11,|

\hbox(6.94444+1.94444)x469.75499, glue set - 1.0
.\hbox(0.0+0.0)x20.0
.\tenrm @
.\tenrm a
.\tenrm r
.\tenrm t
.etc.


Underfull \hbox (badness 10000) in paragraph at lines 54--64


\hbox(0.0+0.0)x469.75499
.\glue(\rightskip) 0.0

Missing character: There is no £ in font cmr10!
Missing character: There is no ¬ in font cmr10!
Missing character: There is no £ in font cmr10!
Missing character: There is no ® in font cmr10!
Missing character: There is no £ in font cmr10!
Missing character: There is no Û in font cmr10!
Missing character: There is no £ in font cmr10!
Missing character: There is no Ý in font cmr10!
Missing character: There is no £ in font cmr10!
Missing character: There is no ¦ in font cmr10!
Missing character: There is no £ in font cmr10!
Missing character: There is no ¬ in font cmr10!
Missing character: There is no £ in font cmr10!
Missing character: There is no ¬ in font cmr10!
Missing character: There is no £ in font cmr10!
Missing character: There is no ® in font cmr10!
Missing character: There is no Ö in font cmr10!
Missing character: There is no Ð in font cmr10!
Missing character: There is no ¹ in font cmr10!
Missing character: There is no ú in font cmr10!
Missing character: There is no » in font cmr10!
Missing character: There is no ¥ in font cmr10!
Missing character: There is no Á in font cmr10!
Missing character: There is no ª in font cmr10!
Missing character: There is no Í in font cmr10!
Missing character: There is no ø in font cmr10!
Missing character: There is no Â in font cmr10!
Missing character: There is no ç in font cmr10!
Missing character: There is no · in font cmr10!
Missing character: There is no ¢ in font cmr10!
Missing character: There is no Õ in font cmr10!
Missing character: There is no ¹ in font cmr10!
Missing character: There is no × in font cmr10!
Missing character: There is no ´ in font cmr10!
Missing character: There is no ¿ in font cmr10!
Missing character: There is no ö in font cmr10!
Missing character: There is no Í in font cmr10!
Missing character: There is no ³ in font cmr10!
Missing character: There is no ¼ in font cmr10!
Missing character: There is no Æ in font cmr10!
Missing character: There is no ± in font cmr10!
Missing character: There is no ¨ in font cmr10!
Missing character: There is no ¸ in font cmr10!
Missing character: There is no æ in font cmr10!
Missing character: There is no Ö in font cmr10!
Missing character: There is no Ð in font cmr10!
Missing character: There is no ¹ in font cmr10!
Missing character: There is no ú in font cmr10!
Missing character: There is no ¿ in font cmr10!
Missing character: There is no Æ in font cmr10!
Missing character: There is no ¼ in font cmr10!
Missing character: There is no ¼ in font cmr10!
Missing character: There is no Ð in font cmr10!
Missing character: There is no Å in font cmr10!
Missing character: There is no Ï in font cmr10!
Missing character: There is no ¢ in font cmr10!
Missing character: There is no Á in font cmr10!
Missing character: There is no õ in font cmr10!
Missing character: There is no Ò in font cmr10!
Missing character: There is no » in font cmr10!
Missing character: There is no Ë in font cmr10!
Missing character: There is no Ú in font cmr10!
Missing character: There is no £ in font cmr10!
Missing character: There is no ¬ in font cmr10!
Missing character: There is no É in font cmr10!
Missing character: There is no ³ in font cmr10!
Missing character: There is no ½ in font cmr10!
Missing character: There is no ú in font cmr10!
Missing character: There is no Ã in font cmr10!
Missing character: There is no ÷ in font cmr10!
Missing character: There is no £ in font cmr10!
Missing character: There is no ¬ in font cmr10!
Missing character: There is no ½ in font cmr10!
Missing character: There is no ð in font cmr10!
Missing character: There is no ± in font cmr10!
Missing character: There is no ë in font cmr10!
Missing character: There is no È in font cmr10!
Missing character: There is no « in font cmr10!
Missing character: There is no ¹ in font cmr10!
Missing character: There is no ú in font cmr10!
Missing character: There is no Ð in font cmr10!
Missing character: There is no Å in font cmr10!
Missing character: There is no Ï in font cmr10!
Missing character: There is no ¢ in font cmr10!
Missing character: There is no » in font cmr10!
Missing character: There is no ¯ in font cmr10!
Missing character: There is no Ë in font cmr10!
Missing character: There is no ® in font cmr10!
Missing character: There is no Æ in font cmr10!
Missing character: There is no ½ in font cmr10!
Missing character: There is no ² in font cmr10!
Missing character: There is no â in font cmr10!
Missing character: There is no ¶ in font cmr10!
Missing character: There is no È in font cmr10!
Missing character: There is no Ö in font cmr10!
Missing character: There is no ¸ in font cmr10!
Missing character: There is no ± in font cmr10!
Missing character: There is no ê in font cmr10!
Missing character: There is no Ì in font cmr10!
Missing character: There is no å in font cmr10!
Missing character: There is no Ï in font cmr10!
Missing character: There is no µ in font cmr10!
Missing character: There is no Ð in font cmr10!
Missing character: There is no Þ in font cmr10!
Missing character: There is no Õ in font cmr10!
Missing character: There is no ý in font cmr10!
Missing character: There is no Ó in font cmr10!
Missing character: There is no ë in font cmr10!
Missing character: There is no · in font cmr10!
Missing character: There is no Ö in font cmr10!
Missing character: There is no Î in font cmr10!
Missing character: There is no ö in font cmr10!
Missing character: There is no ¼ in font cmr10!
Missing character: There is no Æ in font cmr10!
Missing character: There is no Ë in font cmr10!
Missing character: There is no ã in font cmr10!
Missing character: There is no » in font cmr10!
Missing character: There is no ú in font cmr10!
Missing character: There is no Ï in font cmr10!
Missing character: There is no µ in font cmr10!
Missing character: There is no Í in font cmr10!
Missing character: There is no ³ in font cmr10!
Missing character: There is no Ó in font cmr10!
Missing character: There is no ¦ in font cmr10!
Missing character: There is no Ó in font cmr10!
Missing character: There is no Ã in font cmr10!
Missing character: There is no Ë in font cmr10!
Missing character: There is no Î in font cmr10!
Missing character: There is no º in font cmr10!
Missing character: There is no £ in font cmr10!
Missing character: There is no Ñ in font cmr10!
Missing character: There is no Þ in font cmr10!
Missing character: There is no £ in font cmr10!
Missing character: There is no ¬ in font cmr10!
Missing character: There is no Ö in font cmr10!
Missing character: There is no £ in font cmr10!
Missing character: There is no ½ in font cmr10!
Missing character: There is no ¨ in font cmr10!
Missing character: There is no Ã in font cmr10!
Missing character: There is no ÷ in font cmr10!
Missing character: There is no É in font cmr10!
Missing character: There is no ç in font cmr10!
Missing character: There is no » in font cmr10!
Missing character: There is no á in font cmr10!
Missing character: There is no Ð in font cmr10!
Missing character: There is no Å in font cmr10!
Missing character: There is no Ï in font cmr10!
Missing character: There is no ¢ in font cmr10!
Missing character: There is no » in font cmr10!
Missing character: There is no ¯ in font cmr10!
Missing character: There is no Ö in font cmr10!
Missing character: There is no ® in font cmr10!
Missing character: There is no Ð in font cmr10!
Missing character: There is no Å in font cmr10!
Missing character: There is no Ï in font cmr10!
Missing character: There is no ¢ in font cmr10!
Missing character: There is no × in font cmr10!
Missing character: There is no Ê in font cmr10!
Missing character: There is no Ô in font cmr10!
Missing character: There is no ´ in font cmr10!
Missing character: There is no ² in font cmr10!
Missing character: There is no â in font cmr10!
Missing character: There is no ¶ in font cmr10!
Missing character: There is no È in font cmr10!
Missing character: There is no Ö in font cmr10!
Missing character: There is no ¸ in font cmr10!
Missing character: There is no ± in font cmr10!
Missing character: There is no ê in font cmr10!
Missing character: There is no ¹ in font cmr10!
Missing character: There is no ¹ in font cmr10!
Missing character: There is no ½ in font cmr10!
Missing character: There is no ¨ in font cmr10!
Missing character: There is no ¼ in font cmr10!
Missing character: There is no ° in font cmr10!
Missing character: There is no · in font cmr10!
Missing character: There is no ¢ in font cmr10!
Missing character: There is no Õ in font cmr10!
Missing character: There is no ¹ in font cmr10!
Missing character: There is no Ë in font cmr10!
Missing character: There is no ® in font cmr10!
Missing character: There is no Æ in font cmr10!
Missing character: There is no ½ in font cmr10!
Missing character: There is no ² in font cmr10!
Missing character: There is no â in font cmr10!
Missing character: There is no ¶ in font cmr10!
Missing character: There is no È in font cmr10!
Missing character: There is no Ñ in font cmr10!
Missing character: There is no Ð in font cmr10!
Missing character: There is no ¾ in font cmr10!
Missing character: There is no ¿ in font cmr10!
Missing character: There is no Í in font cmr10!
Missing character: There is no ¼ in font cmr10!
Missing character: There is no Ê in font cmr10!
Missing character: There is no é in font cmr10!
Missing character: There is no Ç in font cmr10!
Missing character: There is no é in font cmr10!
Missing character: There is no ± in font cmr10!
Missing character: There is no ¨ in font cmr10!
Missing character: There is no ¹ in font cmr10!
Missing character: There is no ¤ in font cmr10!
Missing character: There is no × in font cmr10!
Missing character: There is no ÷ in font cmr10!
! Missing $ inserted.
<inserted text> 
                $
<to be read again> 
                   _
l.111 @article{_
                _2018,
? 
! Emergency stop.
<inserted text> 
                $
<to be read again> 
                   _
l.111 @article{_
                _2018,
End of file on the terminal!

!  ==> Fatal error occurred, no output PDF file produced!
